Building DAG of jobs...
Using shell: /bin/bash
Provided cores: 20
Rules claiming more threads will be scaled down.
Job stats:
job                         count    min threads    max threads
------------------------  -------  -------------  -------------
Mapping                         4              5              5
Preprocessing                   4              5              5
Quantification                  4              5              5
Result_assemble                 1              1              1
Samtool_sort                    4              5              5
all                             1              1              1
create_Mapping_log              1              1              1
create_Preprocessing_log        1              1              1
create_log                      1              1              1
total                          21              1              5

Select jobs to execute...

[Tue Oct 12 11:03:52 2021]
rule Preprocessing:
    input: /var2/Work/Kong_Junhyeong/RNA_Seq/CM334_Leaf/00.Raw_data/Leaf1_R1.fastq.gz
    output: /var2/Work/Kong_Junhyeong/RNA_Seq/CM334_Leaf/01.Preprocessing/Leaf1_R1.filter.fastq.gz, /var2/Work/Kong_Junhyeong/RNA_Seq/CM334_Leaf/01.Preprocessing/Leaf1_R2.filter.fastq.gz, /var2/Work/Kong_Junhyeong/RNA_Seq/CM334_Leaf/01.Preprocessing/Leaf1.filter.json, /var2/Work/Kong_Junhyeong/RNA_Seq/CM334_Leaf/01.Preprocessing/Leaf1.filter.html
    jobid: 14
    wildcards: filename=Leaf1
    threads: 5
    resources: tmpdir=/tmp

[Tue Oct 12 11:03:52 2021]
rule Preprocessing:
    input: /var2/Work/Kong_Junhyeong/RNA_Seq/CM334_Leaf/00.Raw_data/Leaf3_R1.fastq.gz
    output: /var2/Work/Kong_Junhyeong/RNA_Seq/CM334_Leaf/01.Preprocessing/Leaf3_R1.filter.fastq.gz, /var2/Work/Kong_Junhyeong/RNA_Seq/CM334_Leaf/01.Preprocessing/Leaf3_R2.filter.fastq.gz, /var2/Work/Kong_Junhyeong/RNA_Seq/CM334_Leaf/01.Preprocessing/Leaf3.filter.json, /var2/Work/Kong_Junhyeong/RNA_Seq/CM334_Leaf/01.Preprocessing/Leaf3.filter.html
    jobid: 10
    wildcards: filename=Leaf3
    threads: 5
    resources: tmpdir=/tmp

[Tue Oct 12 11:03:52 2021]
rule Preprocessing:
    input: /var2/Work/Kong_Junhyeong/RNA_Seq/CM334_Leaf/00.Raw_data/Leaf4_R1.fastq.gz
    output: /var2/Work/Kong_Junhyeong/RNA_Seq/CM334_Leaf/01.Preprocessing/Leaf4_R1.filter.fastq.gz, /var2/Work/Kong_Junhyeong/RNA_Seq/CM334_Leaf/01.Preprocessing/Leaf4_R2.filter.fastq.gz, /var2/Work/Kong_Junhyeong/RNA_Seq/CM334_Leaf/01.Preprocessing/Leaf4.filter.json, /var2/Work/Kong_Junhyeong/RNA_Seq/CM334_Leaf/01.Preprocessing/Leaf4.filter.html
    jobid: 18
    wildcards: filename=Leaf4
    threads: 5
    resources: tmpdir=/tmp

[Tue Oct 12 11:03:52 2021]
rule Preprocessing:
    input: /var2/Work/Kong_Junhyeong/RNA_Seq/CM334_Leaf/00.Raw_data/Leaf2_R1.fastq.gz
    output: /var2/Work/Kong_Junhyeong/RNA_Seq/CM334_Leaf/01.Preprocessing/Leaf2_R1.filter.fastq.gz, /var2/Work/Kong_Junhyeong/RNA_Seq/CM334_Leaf/01.Preprocessing/Leaf2_R2.filter.fastq.gz, /var2/Work/Kong_Junhyeong/RNA_Seq/CM334_Leaf/01.Preprocessing/Leaf2.filter.json, /var2/Work/Kong_Junhyeong/RNA_Seq/CM334_Leaf/01.Preprocessing/Leaf2.filter.html
    jobid: 5
    wildcards: filename=Leaf2
    threads: 5
    resources: tmpdir=/tmp

Waiting at most 5 seconds for missing files.
MissingOutputException in line 29 of /var2/Work/Kong_Junhyeong/RNA_Seq/Snakefile:
Job Missing files after 5 seconds:
/var2/Work/Kong_Junhyeong/RNA_Seq/CM334_Leaf/01.Preprocessing/Leaf4_R1.filter.fastq.gz
/var2/Work/Kong_Junhyeong/RNA_Seq/CM334_Leaf/01.Preprocessing/Leaf4.filter.json
/var2/Work/Kong_Junhyeong/RNA_Seq/CM334_Leaf/01.Preprocessing/Leaf4.filter.html
This might be due to filesystem latency. If that is the case, consider to increase the wait time with --latency-wait.
Job id: 18 completed successfully, but some output files are missing. 18
Removing output files of failed job Preprocessing since they might be corrupted:
/var2/Work/Kong_Junhyeong/RNA_Seq/CM334_Leaf/01.Preprocessing/Leaf4_R2.filter.fastq.gz
Waiting at most 5 seconds for missing files.
MissingOutputException in line 29 of /var2/Work/Kong_Junhyeong/RNA_Seq/Snakefile:
Job Missing files after 5 seconds:
/var2/Work/Kong_Junhyeong/RNA_Seq/CM334_Leaf/01.Preprocessing/Leaf1_R1.filter.fastq.gz
/var2/Work/Kong_Junhyeong/RNA_Seq/CM334_Leaf/01.Preprocessing/Leaf1.filter.json
/var2/Work/Kong_Junhyeong/RNA_Seq/CM334_Leaf/01.Preprocessing/Leaf1.filter.html
This might be due to filesystem latency. If that is the case, consider to increase the wait time with --latency-wait.
Job id: 14 completed successfully, but some output files are missing. 14
Removing output files of failed job Preprocessing since they might be corrupted:
/var2/Work/Kong_Junhyeong/RNA_Seq/CM334_Leaf/01.Preprocessing/Leaf1_R2.filter.fastq.gz
Waiting at most 5 seconds for missing files.
MissingOutputException in line 29 of /var2/Work/Kong_Junhyeong/RNA_Seq/Snakefile:
Job Missing files after 5 seconds:
/var2/Work/Kong_Junhyeong/RNA_Seq/CM334_Leaf/01.Preprocessing/Leaf2_R1.filter.fastq.gz
/var2/Work/Kong_Junhyeong/RNA_Seq/CM334_Leaf/01.Preprocessing/Leaf2.filter.json
/var2/Work/Kong_Junhyeong/RNA_Seq/CM334_Leaf/01.Preprocessing/Leaf2.filter.html
This might be due to filesystem latency. If that is the case, consider to increase the wait time with --latency-wait.
Job id: 5 completed successfully, but some output files are missing. 5
Removing output files of failed job Preprocessing since they might be corrupted:
/var2/Work/Kong_Junhyeong/RNA_Seq/CM334_Leaf/01.Preprocessing/Leaf2_R2.filter.fastq.gz
Waiting at most 5 seconds for missing files.
MissingOutputException in line 29 of /var2/Work/Kong_Junhyeong/RNA_Seq/Snakefile:
Job Missing files after 5 seconds:
/var2/Work/Kong_Junhyeong/RNA_Seq/CM334_Leaf/01.Preprocessing/Leaf3_R1.filter.fastq.gz
/var2/Work/Kong_Junhyeong/RNA_Seq/CM334_Leaf/01.Preprocessing/Leaf3.filter.json
/var2/Work/Kong_Junhyeong/RNA_Seq/CM334_Leaf/01.Preprocessing/Leaf3.filter.html
This might be due to filesystem latency. If that is the case, consider to increase the wait time with --latency-wait.
Job id: 10 completed successfully, but some output files are missing. 10
Removing output files of failed job Preprocessing since they might be corrupted:
/var2/Work/Kong_Junhyeong/RNA_Seq/CM334_Leaf/01.Preprocessing/Leaf3_R2.filter.fastq.gz
Shutting down, this might take some time.
Exiting because a job execution failed. Look above for error message
Complete log: /var2/Work/Kong_Junhyeong/RNA_Seq/.snakemake/log/2021-10-12T110351.181741.snakemake.log
