Building DAG of jobs...
Using shell: /bin/bash
Provided cores: 20
Rules claiming more threads will be scaled down.
Job stats:
job                         count    min threads    max threads
------------------------  -------  -------------  -------------
Quantification                  4              5              5
Result_assemble                 1              1              1
all                             1              1              1
create_Mapping_log              1              1              1
create_Preprocessing_log        1              1              1
create_log                      1              1              1
total                           9              1              5

Select jobs to execute...

[Tue Oct 12 11:19:38 2021]
rule Quantification:
    input: /var2/Work/Kong_Junhyeong/RNA_Seq/CM334_Leaf/04.Mapping/Leaf1.bam, /var2/Work/Myung-Shin/RNA_Seq/02.Genome_data/CaCM334.MYB.ReAnnot.chromosome.sort.gtf
    output: /var2/Work/Kong_Junhyeong/RNA_Seq/CM334_Leaf/04.Mapping/Leaf1.CaCM334.MYB.ReAnnot.chromosome.sort.gtf
    jobid: 11
    wildcards: filename=Leaf1
    threads: 5
    resources: tmpdir=/tmp


[Tue Oct 12 11:19:38 2021]
rule Quantification:
    input: /var2/Work/Kong_Junhyeong/RNA_Seq/CM334_Leaf/04.Mapping/Leaf4.bam, /var2/Work/Myung-Shin/RNA_Seq/02.Genome_data/CaCM334.MYB.ReAnnot.chromosome.sort.gtf
    output: /var2/Work/Kong_Junhyeong/RNA_Seq/CM334_Leaf/04.Mapping/Leaf4.CaCM334.MYB.ReAnnot.chromosome.sort.gtf
    jobid: 15
    wildcards: filename=Leaf4
    threads: 5
    resources: tmpdir=/tmp


[Tue Oct 12 11:19:38 2021]
rule Quantification:
    input: /var2/Work/Kong_Junhyeong/RNA_Seq/CM334_Leaf/04.Mapping/Leaf2.bam, /var2/Work/Myung-Shin/RNA_Seq/02.Genome_data/CaCM334.MYB.ReAnnot.chromosome.sort.gtf
    output: /var2/Work/Kong_Junhyeong/RNA_Seq/CM334_Leaf/04.Mapping/Leaf2.CaCM334.MYB.ReAnnot.chromosome.sort.gtf
    jobid: 2
    wildcards: filename=Leaf2
    threads: 5
    resources: tmpdir=/tmp


[Tue Oct 12 11:19:38 2021]
rule Quantification:
    input: /var2/Work/Kong_Junhyeong/RNA_Seq/CM334_Leaf/04.Mapping/Leaf3.bam, /var2/Work/Myung-Shin/RNA_Seq/02.Genome_data/CaCM334.MYB.ReAnnot.chromosome.sort.gtf
    output: /var2/Work/Kong_Junhyeong/RNA_Seq/CM334_Leaf/04.Mapping/Leaf3.CaCM334.MYB.ReAnnot.chromosome.sort.gtf
    jobid: 7
    wildcards: filename=Leaf3
    threads: 5
    resources: tmpdir=/tmp

[Tue Oct 12 11:19:42 2021]
Finished job 11.
1 of 9 steps (11%) done
Select jobs to execute...
[Tue Oct 12 11:19:42 2021]
Finished job 7.
2 of 9 steps (22%) done

[Tue Oct 12 11:19:42 2021]
rule create_Mapping_log:
    input: /var2/Work/Kong_Junhyeong/RNA_Seq/CM334_Leaf/04.Mapping/Leaf2.log, /var2/Work/Kong_Junhyeong/RNA_Seq/CM334_Leaf/04.Mapping/Leaf3.log, /var2/Work/Kong_Junhyeong/RNA_Seq/CM334_Leaf/04.Mapping/Leaf1.log, /var2/Work/Kong_Junhyeong/RNA_Seq/CM334_Leaf/04.Mapping/Leaf4.log
    output: mapping_rate.txt
    jobid: 21
    resources: tmpdir=/tmp

[Tue Oct 12 11:19:42 2021]
rule create_Preprocessing_log:
    input: /var2/Work/Kong_Junhyeong/RNA_Seq/CM334_Leaf/01.Preprocessing/Leaf2.filter.json, /var2/Work/Kong_Junhyeong/RNA_Seq/CM334_Leaf/01.Preprocessing/Leaf3.filter.json, /var2/Work/Kong_Junhyeong/RNA_Seq/CM334_Leaf/01.Preprocessing/Leaf1.filter.json, /var2/Work/Kong_Junhyeong/RNA_Seq/CM334_Leaf/01.Preprocessing/Leaf4.filter.json
    output: preprocessing_rate.txt
    jobid: 20
    resources: tmpdir=/tmp

[Tue Oct 12 11:19:42 2021]
Finished job 2.
3 of 9 steps (33%) done
[Tue Oct 12 11:19:42 2021]
Finished job 15.
4 of 9 steps (44%) done
Select jobs to execute...

[Tue Oct 12 11:19:42 2021]
rule Result_assemble:
    input: /var2/Work/Kong_Junhyeong/RNA_Seq/CM334_Leaf/04.Mapping/Leaf2.CaCM334.MYB.ReAnnot.chromosome.sort.gtf, /var2/Work/Kong_Junhyeong/RNA_Seq/CM334_Leaf/04.Mapping/Leaf3.CaCM334.MYB.ReAnnot.chromosome.sort.gtf, /var2/Work/Kong_Junhyeong/RNA_Seq/CM334_Leaf/04.Mapping/Leaf1.CaCM334.MYB.ReAnnot.chromosome.sort.gtf, /var2/Work/Kong_Junhyeong/RNA_Seq/CM334_Leaf/04.Mapping/Leaf4.CaCM334.MYB.ReAnnot.chromosome.sort.gtf
    output: /var2/Work/Kong_Junhyeong/RNA_Seq/CM334_Leaf/05.FPKM_TPM/CM334.tissue.FPKM.txt, /var2/Work/Kong_Junhyeong/RNA_Seq/CM334_Leaf/05.FPKM_TPM/CM334.tissue.TPM.txt
    jobid: 1
    wildcards: filename=CM334.tissue
    resources: tmpdir=/tmp

[Tue Oct 12 11:19:42 2021]
Error in rule create_Preprocessing_log:
[Tue Oct 12 11:19:42 2021]
    jobid: 20
Error in rule create_Mapping_log:
    output: preprocessing_rate.txt
    jobid: 21

    output: mapping_rate.txt

RuleException:
CalledProcessError in line 113 of /var2/Work/Kong_Junhyeong/RNA_Seq/Snakefile:
Command 'set -euo pipefail;  /home/exeman/miniconda2/envs/KJH3.9.5/bin/python3.9 /var2/Work/Kong_Junhyeong/RNA_Seq/.snakemake/scripts/tmph148a5wv.07_sub.READ_info.py' returned non-zero exit status 1.
  File "/var2/Work/Kong_Junhyeong/RNA_Seq/Snakefile", line 113, in __rule_create_Preprocessing_log
  File "/home/exeman/miniconda2/envs/KJH3.9.5/lib/python3.9/concurrent/futures/thread.py", line 52, in run
RuleException:
CalledProcessError in line 122 of /var2/Work/Kong_Junhyeong/RNA_Seq/Snakefile:
Command 'set -euo pipefail;  /home/exeman/miniconda2/envs/KJH3.9.5/bin/python3.9 /var2/Work/Kong_Junhyeong/RNA_Seq/.snakemake/scripts/tmp_ir07fb6.07_sub.Mapping_info.py' returned non-zero exit status 1.
  File "/var2/Work/Kong_Junhyeong/RNA_Seq/Snakefile", line 122, in __rule_create_Mapping_log
  File "/home/exeman/miniconda2/envs/KJH3.9.5/lib/python3.9/concurrent/futures/thread.py", line 52, in run
[Tue Oct 12 11:20:25 2021]
Finished job 1.
5 of 9 steps (56%) done
Shutting down, this might take some time.
Exiting because a job execution failed. Look above for error message
Complete log: /var2/Work/Kong_Junhyeong/RNA_Seq/.snakemake/log/2021-10-12T111937.547458.snakemake.log
