Building DAG of jobs...
Using shell: /bin/bash
Provided cores: 20
Rules claiming more threads will be scaled down.
Job stats:
job                         count    min threads    max threads
------------------------  -------  -------------  -------------
Mapping                         4              5              5
Quantification                  4              5              5
Result_assemble                 1              1              1
Samtool_sort                    4              5              5
all                             1              1              1
create_Mapping_log              1              1              1
create_Preprocessing_log        1              1              1
create_log                      1              1              1
total                          17              1              5

Select jobs to execute...

[Tue Oct 12 12:01:47 2021]
rule Mapping:
    input: /var2/Work/Kong_Junhyeong/RNA_Seq/CM334_Leaf/01.Preprocessing/Leaf3_R1.filter.fastq.gz, /var2/Work/Kong_Junhyeong/RNA_Seq/CM334_Leaf/01.Preprocessing/Leaf3_R2.filter.fastq.gz, /var2/Work/Myung-Shin/RNA_Seq/03.Genome_Index/Annuum.v1.6.Total.1.ht2, /var2/Work/Myung-Shin/RNA_Seq/03.Genome_Index/Annuum.v1.6.Total.2.ht2, /var2/Work/Myung-Shin/RNA_Seq/03.Genome_Index/Annuum.v1.6.Total.3.ht2, /var2/Work/Myung-Shin/RNA_Seq/03.Genome_Index/Annuum.v1.6.Total.4.ht2, /var2/Work/Myung-Shin/RNA_Seq/03.Genome_Index/Annuum.v1.6.Total.5.ht2, /var2/Work/Myung-Shin/RNA_Seq/03.Genome_Index/Annuum.v1.6.Total.6.ht2, /var2/Work/Myung-Shin/RNA_Seq/03.Genome_Index/Annuum.v1.6.Total.7.ht2, /var2/Work/Myung-Shin/RNA_Seq/03.Genome_Index/Annuum.v1.6.Total.8.ht2
    output: /var2/Work/Kong_Junhyeong/RNA_Seq/CM334_Leaf/04.Mapping/Leaf3.sam, /var2/Work/Kong_Junhyeong/RNA_Seq/CM334_Leaf/04.Mapping/Leaf3.log
    jobid: 9
    wildcards: filename=Leaf3
    threads: 5
    resources: tmpdir=/tmp

[Tue Oct 12 12:01:47 2021]
rule Mapping:
    input: /var2/Work/Kong_Junhyeong/RNA_Seq/CM334_Leaf/01.Preprocessing/Leaf1_R1.filter.fastq.gz, /var2/Work/Kong_Junhyeong/RNA_Seq/CM334_Leaf/01.Preprocessing/Leaf1_R2.filter.fastq.gz, /var2/Work/Myung-Shin/RNA_Seq/03.Genome_Index/Annuum.v1.6.Total.1.ht2, /var2/Work/Myung-Shin/RNA_Seq/03.Genome_Index/Annuum.v1.6.Total.2.ht2, /var2/Work/Myung-Shin/RNA_Seq/03.Genome_Index/Annuum.v1.6.Total.3.ht2, /var2/Work/Myung-Shin/RNA_Seq/03.Genome_Index/Annuum.v1.6.Total.4.ht2, /var2/Work/Myung-Shin/RNA_Seq/03.Genome_Index/Annuum.v1.6.Total.5.ht2, /var2/Work/Myung-Shin/RNA_Seq/03.Genome_Index/Annuum.v1.6.Total.6.ht2, /var2/Work/Myung-Shin/RNA_Seq/03.Genome_Index/Annuum.v1.6.Total.7.ht2, /var2/Work/Myung-Shin/RNA_Seq/03.Genome_Index/Annuum.v1.6.Total.8.ht2
    output: /var2/Work/Kong_Junhyeong/RNA_Seq/CM334_Leaf/04.Mapping/Leaf1.sam, /var2/Work/Kong_Junhyeong/RNA_Seq/CM334_Leaf/04.Mapping/Leaf1.log
    jobid: 13
    wildcards: filename=Leaf1
    threads: 5
    resources: tmpdir=/tmp

[Tue Oct 12 12:01:47 2021]
rule Mapping:
    input: /var2/Work/Kong_Junhyeong/RNA_Seq/CM334_Leaf/01.Preprocessing/Leaf4_R1.filter.fastq.gz, /var2/Work/Kong_Junhyeong/RNA_Seq/CM334_Leaf/01.Preprocessing/Leaf4_R2.filter.fastq.gz, /var2/Work/Myung-Shin/RNA_Seq/03.Genome_Index/Annuum.v1.6.Total.1.ht2, /var2/Work/Myung-Shin/RNA_Seq/03.Genome_Index/Annuum.v1.6.Total.2.ht2, /var2/Work/Myung-Shin/RNA_Seq/03.Genome_Index/Annuum.v1.6.Total.3.ht2, /var2/Work/Myung-Shin/RNA_Seq/03.Genome_Index/Annuum.v1.6.Total.4.ht2, /var2/Work/Myung-Shin/RNA_Seq/03.Genome_Index/Annuum.v1.6.Total.5.ht2, /var2/Work/Myung-Shin/RNA_Seq/03.Genome_Index/Annuum.v1.6.Total.6.ht2, /var2/Work/Myung-Shin/RNA_Seq/03.Genome_Index/Annuum.v1.6.Total.7.ht2, /var2/Work/Myung-Shin/RNA_Seq/03.Genome_Index/Annuum.v1.6.Total.8.ht2
    output: /var2/Work/Kong_Junhyeong/RNA_Seq/CM334_Leaf/04.Mapping/Leaf4.sam, /var2/Work/Kong_Junhyeong/RNA_Seq/CM334_Leaf/04.Mapping/Leaf4.log
    jobid: 17
    wildcards: filename=Leaf4
    threads: 5
    resources: tmpdir=/tmp

[Tue Oct 12 12:01:47 2021]
rule Mapping:
    input: /var2/Work/Kong_Junhyeong/RNA_Seq/CM334_Leaf/01.Preprocessing/Leaf2_R1.filter.fastq.gz, /var2/Work/Kong_Junhyeong/RNA_Seq/CM334_Leaf/01.Preprocessing/Leaf2_R2.filter.fastq.gz, /var2/Work/Myung-Shin/RNA_Seq/03.Genome_Index/Annuum.v1.6.Total.1.ht2, /var2/Work/Myung-Shin/RNA_Seq/03.Genome_Index/Annuum.v1.6.Total.2.ht2, /var2/Work/Myung-Shin/RNA_Seq/03.Genome_Index/Annuum.v1.6.Total.3.ht2, /var2/Work/Myung-Shin/RNA_Seq/03.Genome_Index/Annuum.v1.6.Total.4.ht2, /var2/Work/Myung-Shin/RNA_Seq/03.Genome_Index/Annuum.v1.6.Total.5.ht2, /var2/Work/Myung-Shin/RNA_Seq/03.Genome_Index/Annuum.v1.6.Total.6.ht2, /var2/Work/Myung-Shin/RNA_Seq/03.Genome_Index/Annuum.v1.6.Total.7.ht2, /var2/Work/Myung-Shin/RNA_Seq/03.Genome_Index/Annuum.v1.6.Total.8.ht2
    output: /var2/Work/Kong_Junhyeong/RNA_Seq/CM334_Leaf/04.Mapping/Leaf2.sam, /var2/Work/Kong_Junhyeong/RNA_Seq/CM334_Leaf/04.Mapping/Leaf2.log
    jobid: 4
    wildcards: filename=Leaf2
    threads: 5
    resources: tmpdir=/tmp

[Tue Oct 12 12:03:41 2021]
Finished job 9.
1 of 17 steps (6%) done
Select jobs to execute...

[Tue Oct 12 12:03:41 2021]
rule Samtool_sort:
    input: /var2/Work/Kong_Junhyeong/RNA_Seq/CM334_Leaf/04.Mapping/Leaf3.sam
    output: /var2/Work/Kong_Junhyeong/RNA_Seq/CM334_Leaf/04.Mapping/Leaf3.bam
    jobid: 8
    wildcards: filename=Leaf3
    threads: 5
    resources: tmpdir=/tmp

[Tue Oct 12 12:03:50 2021]
Finished job 17.
2 of 17 steps (12%) done
Select jobs to execute...

[Tue Oct 12 12:03:50 2021]
rule Samtool_sort:
    input: /var2/Work/Kong_Junhyeong/RNA_Seq/CM334_Leaf/04.Mapping/Leaf4.sam
    output: /var2/Work/Kong_Junhyeong/RNA_Seq/CM334_Leaf/04.Mapping/Leaf4.bam
    jobid: 16
    wildcards: filename=Leaf4
    threads: 5
    resources: tmpdir=/tmp

[Tue Oct 12 12:03:50 2021]
Finished job 4.
3 of 17 steps (18%) done
Select jobs to execute...

[Tue Oct 12 12:03:51 2021]
rule Samtool_sort:
    input: /var2/Work/Kong_Junhyeong/RNA_Seq/CM334_Leaf/04.Mapping/Leaf2.sam
    output: /var2/Work/Kong_Junhyeong/RNA_Seq/CM334_Leaf/04.Mapping/Leaf2.bam
    jobid: 3
    wildcards: filename=Leaf2
    threads: 5
    resources: tmpdir=/tmp

Removing temporary output file /var2/Work/Kong_Junhyeong/RNA_Seq/CM334_Leaf/04.Mapping/Leaf3.sam.
[Tue Oct 12 12:04:20 2021]
Finished job 8.
4 of 17 steps (24%) done
Select jobs to execute...

[Tue Oct 12 12:04:20 2021]
rule Quantification:
    input: /var2/Work/Kong_Junhyeong/RNA_Seq/CM334_Leaf/04.Mapping/Leaf3.bam, /var2/Work/Myung-Shin/RNA_Seq/02.Genome_data/CaCM334.MYB.ReAnnot.chromosome.sort.gtf
    output: /var2/Work/Kong_Junhyeong/RNA_Seq/CM334_Leaf/04.Mapping/Leaf3.CaCM334.MYB.ReAnnot.chromosome.sort.gtf
    jobid: 7
    wildcards: filename=Leaf3
    threads: 5
    resources: tmpdir=/tmp

Removing temporary output file /var2/Work/Kong_Junhyeong/RNA_Seq/CM334_Leaf/04.Mapping/Leaf4.sam.
[Tue Oct 12 12:04:25 2021]
Finished job 16.
5 of 17 steps (29%) done
Select jobs to execute...

[Tue Oct 12 12:04:25 2021]
rule Quantification:
    input: /var2/Work/Kong_Junhyeong/RNA_Seq/CM334_Leaf/04.Mapping/Leaf4.bam, /var2/Work/Myung-Shin/RNA_Seq/02.Genome_data/CaCM334.MYB.ReAnnot.chromosome.sort.gtf
    output: /var2/Work/Kong_Junhyeong/RNA_Seq/CM334_Leaf/04.Mapping/Leaf4.CaCM334.MYB.ReAnnot.chromosome.sort.gtf
    jobid: 15
    wildcards: filename=Leaf4
    threads: 5
    resources: tmpdir=/tmp

Removing temporary output file /var2/Work/Kong_Junhyeong/RNA_Seq/CM334_Leaf/04.Mapping/Leaf2.sam.
[Tue Oct 12 12:04:31 2021]
Finished job 3.
6 of 17 steps (35%) done
Select jobs to execute...

[Tue Oct 12 12:04:31 2021]
rule Quantification:
    input: /var2/Work/Kong_Junhyeong/RNA_Seq/CM334_Leaf/04.Mapping/Leaf2.bam, /var2/Work/Myung-Shin/RNA_Seq/02.Genome_data/CaCM334.MYB.ReAnnot.chromosome.sort.gtf
    output: /var2/Work/Kong_Junhyeong/RNA_Seq/CM334_Leaf/04.Mapping/Leaf2.CaCM334.MYB.ReAnnot.chromosome.sort.gtf
    jobid: 2
    wildcards: filename=Leaf2
    threads: 5
    resources: tmpdir=/tmp

[Tue Oct 12 12:04:32 2021]
Finished job 13.
7 of 17 steps (41%) done
Select jobs to execute...

[Tue Oct 12 12:04:32 2021]
rule Samtool_sort:
    input: /var2/Work/Kong_Junhyeong/RNA_Seq/CM334_Leaf/04.Mapping/Leaf1.sam
    output: /var2/Work/Kong_Junhyeong/RNA_Seq/CM334_Leaf/04.Mapping/Leaf1.bam
    jobid: 12
    wildcards: filename=Leaf1
    threads: 5
    resources: tmpdir=/tmp

[Tue Oct 12 12:04:40 2021]
Finished job 7.
8 of 17 steps (47%) done
Select jobs to execute...

[Tue Oct 12 12:04:40 2021]
rule create_Preprocessing_log:
    input: /var2/Work/Kong_Junhyeong/RNA_Seq/CM334_Leaf/01.Preprocessing/Leaf2.filter.json, /var2/Work/Kong_Junhyeong/RNA_Seq/CM334_Leaf/01.Preprocessing/Leaf3.filter.json, /var2/Work/Kong_Junhyeong/RNA_Seq/CM334_Leaf/01.Preprocessing/Leaf1.filter.json, /var2/Work/Kong_Junhyeong/RNA_Seq/CM334_Leaf/01.Preprocessing/Leaf4.filter.json
    output: preprocessing_rate.txt
    jobid: 20
    resources: tmpdir=/tmp

[Tue Oct 12 12:04:40 2021]
rule create_Mapping_log:
    input: /var2/Work/Kong_Junhyeong/RNA_Seq/CM334_Leaf/04.Mapping/Leaf2.log, /var2/Work/Kong_Junhyeong/RNA_Seq/CM334_Leaf/04.Mapping/Leaf3.log, /var2/Work/Kong_Junhyeong/RNA_Seq/CM334_Leaf/04.Mapping/Leaf1.log, /var2/Work/Kong_Junhyeong/RNA_Seq/CM334_Leaf/04.Mapping/Leaf4.log
    output: mapping_rate.txt
    jobid: 21
    resources: tmpdir=/tmp

[Tue Oct 12 12:04:41 2021]
Finished job 20.
9 of 17 steps (53%) done
[Tue Oct 12 12:04:41 2021]
Finished job 21.
10 of 17 steps (59%) done
Select jobs to execute...

[Tue Oct 12 12:04:41 2021]
rule create_log:
    input: preprocessing_rate.txt, mapping_rate.txt
    output: /var2/Work/Kong_Junhyeong/RNA_Seq/CM334_Leaf/05.FPKM_TPM/CM334.tissue.log.txt
    jobid: 19
    wildcards: filename=CM334.tissue
    resources: tmpdir=/tmp

[Tue Oct 12 12:04:45 2021]
Finished job 15.
11 of 17 steps (65%) done
[Tue Oct 12 12:04:51 2021]
Finished job 2.
12 of 17 steps (71%) done
Removing temporary output file /var2/Work/Kong_Junhyeong/RNA_Seq/CM334_Leaf/04.Mapping/Leaf1.sam.
[Tue Oct 12 12:04:55 2021]
Finished job 12.
13 of 17 steps (76%) done
Shutting down, this might take some time.
Exiting because a job execution failed. Look above for error message
Complete log: /var2/Work/Kong_Junhyeong/RNA_Seq/.snakemake/log/2021-10-12T120146.187681.snakemake.log
