Building DAG of jobs...
Using shell: /bin/bash
Provided cores: 20
Rules claiming more threads will be scaled down.
Job stats:
job                         count    min threads    max threads
------------------------  -------  -------------  -------------
Quantification                  4              5              5
Result_assemble                 1              1              1
all                             1              1              1
create_Mapping_log              1              1              1
create_Preprocessing_log        1              1              1
create_log                      1              1              1
total                           9              1              5

Select jobs to execute...

[Tue Oct 12 11:15:18 2021]
rule Quantification:
    input: /var2/Work/Kong_Junhyeong/RNA_Seq/CM334_Leaf/04.Mapping/Leaf1.bam, /var2/Work/Myung-Shin/RNA_Seq/02.Genome_data/CaCM334.MYB.ReAnnot.chromosome.sort.gtf
    output: /var2/Work/Kong_Junhyeong/RNA_Seq/CM334_Leaf/04.Mapping/Leaf1.CaCM334.MYB.ReAnnot.chromosome.sort.gtf
    jobid: 11
    wildcards: filename=Leaf1
    threads: 5
    resources: tmpdir=/tmp


[Tue Oct 12 11:15:18 2021]
rule Quantification:
    input: /var2/Work/Kong_Junhyeong/RNA_Seq/CM334_Leaf/04.Mapping/Leaf4.bam, /var2/Work/Myung-Shin/RNA_Seq/02.Genome_data/CaCM334.MYB.ReAnnot.chromosome.sort.gtf
    output: /var2/Work/Kong_Junhyeong/RNA_Seq/CM334_Leaf/04.Mapping/Leaf4.CaCM334.MYB.ReAnnot.chromosome.sort.gtf
    jobid: 15
    wildcards: filename=Leaf4
    threads: 5
    resources: tmpdir=/tmp


[Tue Oct 12 11:15:18 2021]
rule Quantification:
    input: /var2/Work/Kong_Junhyeong/RNA_Seq/CM334_Leaf/04.Mapping/Leaf2.bam, /var2/Work/Myung-Shin/RNA_Seq/02.Genome_data/CaCM334.MYB.ReAnnot.chromosome.sort.gtf
    output: /var2/Work/Kong_Junhyeong/RNA_Seq/CM334_Leaf/04.Mapping/Leaf2.CaCM334.MYB.ReAnnot.chromosome.sort.gtf
    jobid: 2
    wildcards: filename=Leaf2
    threads: 5
    resources: tmpdir=/tmp


[Tue Oct 12 11:15:18 2021]
rule Quantification:
    input: /var2/Work/Kong_Junhyeong/RNA_Seq/CM334_Leaf/04.Mapping/Leaf3.bam, /var2/Work/Myung-Shin/RNA_Seq/02.Genome_data/CaCM334.MYB.ReAnnot.chromosome.sort.gtf
    output: /var2/Work/Kong_Junhyeong/RNA_Seq/CM334_Leaf/04.Mapping/Leaf3.CaCM334.MYB.ReAnnot.chromosome.sort.gtf
    jobid: 7
    wildcards: filename=Leaf3
    threads: 5
    resources: tmpdir=/tmp

[Tue Oct 12 11:15:18 2021]
Error in rule Quantification:
    jobid: 15
    output: /var2/Work/Kong_Junhyeong/RNA_Seq/CM334_Leaf/04.Mapping/Leaf4.CaCM334.MYB.ReAnnot.chromosome.sort.gtf
    shell:
        stringtie -p 5 -e -G /var2/Work/Myung-Shin/RNA_Seq/02.Genome_data/CaCM334.MYB.ReAnnot.chromosome.sort.gtf -o /var2/Work/Kong_Junhyeong/RNA_Seq/CM334_Leaf/04.Mapping/Leaf4.CaCM334.MYB.ReAnnot.chromosome.sort.gtf CaCM334 /var2/Work/Kong_Junhyeong/RNA_Seq/CM334_Leaf/04.Mapping/Leaf4.bam
        (one of the commands exited with non-zero exit code; note that snakemake uses bash strict mode!)

[Tue Oct 12 11:15:18 2021]
Error in rule Quantification:
    jobid: 2
    output: /var2/Work/Kong_Junhyeong/RNA_Seq/CM334_Leaf/04.Mapping/Leaf2.CaCM334.MYB.ReAnnot.chromosome.sort.gtf
    shell:
        stringtie -p 5 -e -G /var2/Work/Myung-Shin/RNA_Seq/02.Genome_data/CaCM334.MYB.ReAnnot.chromosome.sort.gtf -o /var2/Work/Kong_Junhyeong/RNA_Seq/CM334_Leaf/04.Mapping/Leaf2.CaCM334.MYB.ReAnnot.chromosome.sort.gtf CaCM334 /var2/Work/Kong_Junhyeong/RNA_Seq/CM334_Leaf/04.Mapping/Leaf2.bam
        (one of the commands exited with non-zero exit code; note that snakemake uses bash strict mode!)

[Tue Oct 12 11:15:18 2021]
Error in rule Quantification:
    jobid: 11
    output: /var2/Work/Kong_Junhyeong/RNA_Seq/CM334_Leaf/04.Mapping/Leaf1.CaCM334.MYB.ReAnnot.chromosome.sort.gtf
    shell:
        stringtie -p 5 -e -G /var2/Work/Myung-Shin/RNA_Seq/02.Genome_data/CaCM334.MYB.ReAnnot.chromosome.sort.gtf -o /var2/Work/Kong_Junhyeong/RNA_Seq/CM334_Leaf/04.Mapping/Leaf1.CaCM334.MYB.ReAnnot.chromosome.sort.gtf CaCM334 /var2/Work/Kong_Junhyeong/RNA_Seq/CM334_Leaf/04.Mapping/Leaf1.bam
        (one of the commands exited with non-zero exit code; note that snakemake uses bash strict mode!)

[Tue Oct 12 11:15:18 2021]
Error in rule Quantification:
    jobid: 7
    output: /var2/Work/Kong_Junhyeong/RNA_Seq/CM334_Leaf/04.Mapping/Leaf3.CaCM334.MYB.ReAnnot.chromosome.sort.gtf
    shell:
        stringtie -p 5 -e -G /var2/Work/Myung-Shin/RNA_Seq/02.Genome_data/CaCM334.MYB.ReAnnot.chromosome.sort.gtf -o /var2/Work/Kong_Junhyeong/RNA_Seq/CM334_Leaf/04.Mapping/Leaf3.CaCM334.MYB.ReAnnot.chromosome.sort.gtf CaCM334 /var2/Work/Kong_Junhyeong/RNA_Seq/CM334_Leaf/04.Mapping/Leaf3.bam
        (one of the commands exited with non-zero exit code; note that snakemake uses bash strict mode!)

Shutting down, this might take some time.
Exiting because a job execution failed. Look above for error message
Complete log: /var2/Work/Kong_Junhyeong/RNA_Seq/.snakemake/log/2021-10-12T111517.503203.snakemake.log
