Building DAG of jobs...
Using shell: /bin/bash
Provided cores: 20
Rules claiming more threads will be scaled down.
Job stats:
job                         count    min threads    max threads
------------------------  -------  -------------  -------------
Indexing                        1              1              1
Mapping                         4              5              5
Preprocessing                   4              5              5
Quantification                  4              5              5
Result_assemble                 1              1              1
Samtool_sort                    4              5              5
all                             1              1              1
create_Mapping_log              1              1              1
create_Preprocessing_log        1              1              1
create_log                      1              1              1
total                          22              1              5

Select jobs to execute...

[Tue Oct 12 11:56:58 2021]
rule Preprocessing:
    input: /var2/Work/Kong_Junhyeong/RNA_Seq/CM334_Leaf/00.Raw_data/Leaf3_R1.fastq.gz
    output: /var2/Work/Kong_Junhyeong/RNA_Seq/CM334_Leaf/01.Preprocessing/Leaf3_R1.filter.fastq.gz, /var2/Work/Kong_Junhyeong/RNA_Seq/CM334_Leaf/01.Preprocessing/Leaf3_R2.filter.fastq.gz, /var2/Work/Kong_Junhyeong/RNA_Seq/CM334_Leaf/01.Preprocessing/Leaf3.filter.json, /var2/Work/Kong_Junhyeong/RNA_Seq/CM334_Leaf/01.Preprocessing/Leaf3.filter.html
    jobid: 10
    wildcards: filename=Leaf3
    threads: 5
    resources: tmpdir=/tmp

[Tue Oct 12 11:56:58 2021]
rule Preprocessing:
    input: /var2/Work/Kong_Junhyeong/RNA_Seq/CM334_Leaf/00.Raw_data/Leaf1_R1.fastq.gz
    output: /var2/Work/Kong_Junhyeong/RNA_Seq/CM334_Leaf/01.Preprocessing/Leaf1_R1.filter.fastq.gz, /var2/Work/Kong_Junhyeong/RNA_Seq/CM334_Leaf/01.Preprocessing/Leaf1_R2.filter.fastq.gz, /var2/Work/Kong_Junhyeong/RNA_Seq/CM334_Leaf/01.Preprocessing/Leaf1.filter.json, /var2/Work/Kong_Junhyeong/RNA_Seq/CM334_Leaf/01.Preprocessing/Leaf1.filter.html
    jobid: 14
    wildcards: filename=Leaf1
    threads: 5
    resources: tmpdir=/tmp

[Tue Oct 12 11:56:58 2021]
rule Preprocessing:
    input: /var2/Work/Kong_Junhyeong/RNA_Seq/CM334_Leaf/00.Raw_data/Leaf4_R1.fastq.gz
    output: /var2/Work/Kong_Junhyeong/RNA_Seq/CM334_Leaf/01.Preprocessing/Leaf4_R1.filter.fastq.gz, /var2/Work/Kong_Junhyeong/RNA_Seq/CM334_Leaf/01.Preprocessing/Leaf4_R2.filter.fastq.gz, /var2/Work/Kong_Junhyeong/RNA_Seq/CM334_Leaf/01.Preprocessing/Leaf4.filter.json, /var2/Work/Kong_Junhyeong/RNA_Seq/CM334_Leaf/01.Preprocessing/Leaf4.filter.html
    jobid: 18
    wildcards: filename=Leaf4
    threads: 5
    resources: tmpdir=/tmp

[Tue Oct 12 11:56:58 2021]
rule Preprocessing:
    input: /var2/Work/Kong_Junhyeong/RNA_Seq/CM334_Leaf/00.Raw_data/Leaf2_R1.fastq.gz
    output: /var2/Work/Kong_Junhyeong/RNA_Seq/CM334_Leaf/01.Preprocessing/Leaf2_R1.filter.fastq.gz, /var2/Work/Kong_Junhyeong/RNA_Seq/CM334_Leaf/01.Preprocessing/Leaf2_R2.filter.fastq.gz, /var2/Work/Kong_Junhyeong/RNA_Seq/CM334_Leaf/01.Preprocessing/Leaf2.filter.json, /var2/Work/Kong_Junhyeong/RNA_Seq/CM334_Leaf/01.Preprocessing/Leaf2.filter.html
    jobid: 5
    wildcards: filename=Leaf2
    threads: 5
    resources: tmpdir=/tmp

[Tue Oct 12 11:57:26 2021]
Finished job 14.
1 of 22 steps (5%) done
Select jobs to execute...

[Tue Oct 12 11:57:26 2021]
rule Indexing:
    input: /var2/Work/Myung-Shin/RNA_Seq/02.Genome_data/Annuum.v1.6.Total.fa
    output: /var2/Work/Myung-Shin/RNA_Seq/03.Genome_Index/Annuum.v1.6.Total.1.ht2, /var2/Work/Myung-Shin/RNA_Seq/03.Genome_Index/Annuum.v1.6.Total.2.ht2, /var2/Work/Myung-Shin/RNA_Seq/03.Genome_Index/Annuum.v1.6.Total.3.ht2, /var2/Work/Myung-Shin/RNA_Seq/03.Genome_Index/Annuum.v1.6.Total.4.ht2, /var2/Work/Myung-Shin/RNA_Seq/03.Genome_Index/Annuum.v1.6.Total.5.ht2, /var2/Work/Myung-Shin/RNA_Seq/03.Genome_Index/Annuum.v1.6.Total.6.ht2, /var2/Work/Myung-Shin/RNA_Seq/03.Genome_Index/Annuum.v1.6.Total.7.ht2, /var2/Work/Myung-Shin/RNA_Seq/03.Genome_Index/Annuum.v1.6.Total.8.ht2
    jobid: 6
    resources: tmpdir=/tmp

RuleException in line 20 of /var2/Work/Kong_Junhyeong/RNA_Seq/Snakefile:
'Wildcards' object has no attribute 'genome'
